Using pre-set license
Built from '2021.3/staging' branch; Version is '2021.3.8f1 (b30333d56e81) revision 11731763'; Using compiler version '192829333'; Build Type 'Release'
OS: 'Windows 10  (10.0.19044) 64bit Core' Language: 'en' Physical Memory: 16331 MB
BatchMode: 1, IsHumanControllingUs: 0, StartBugReporterOnCrash: 0, Is64bit: 1, IsPro: 1

COMMAND LINE ARGUMENTS:
C:\Program Files\Unity\Hub\Editor\2021.3.8f1\Editor\Unity.exe
-adb2
-batchMode
-noUpm
-name
AssetImportWorker0
-projectPath
C:/Users/njere/Documents/GitHub/SpawnSystem/Spawn System
-logFile
Logs/AssetImportWorker0.log
-srvPort
51634
Successfully changed project path to: C:/Users/njere/Documents/GitHub/SpawnSystem/Spawn System
C:/Users/njere/Documents/GitHub/SpawnSystem/Spawn System
[UnityMemory] Configuration Parameters - Can be set up in boot.config
    "memorysetup-bucket-allocator-granularity=16"
    "memorysetup-bucket-allocator-bucket-count=8"
    "memorysetup-bucket-allocator-block-size=33554432"
    "memorysetup-bucket-allocator-block-count=8"
    "memorysetup-main-allocator-block-size=16777216"
    "memorysetup-thread-allocator-block-size=16777216"
    "memorysetup-gfx-main-allocator-block-size=16777216"
    "memorysetup-gfx-thread-allocator-block-size=16777216"
    "memorysetup-cache-allocator-block-size=4194304"
    "memorysetup-typetree-allocator-block-size=2097152"
    "memorysetup-profiler-bucket-allocator-granularity=16"
    "memorysetup-profiler-bucket-allocator-bucket-count=8"
    "memorysetup-profiler-bucket-allocator-block-size=33554432"
    "memorysetup-profiler-bucket-allocator-block-count=8"
    "memorysetup-profiler-allocator-block-size=16777216"
    "memorysetup-profiler-editor-allocator-block-size=1048576"
    "memorysetup-temp-allocator-size-main=16777216"
    "memorysetup-job-temp-allocator-block-size=2097152"
    "memorysetup-job-temp-allocator-block-size-background=1048576"
    "memorysetup-job-temp-allocator-reduction-small-platforms=262144"
    "memorysetup-temp-allocator-size-background-worker=32768"
    "memorysetup-temp-allocator-size-job-worker=262144"
    "memorysetup-temp-allocator-size-preload-manager=33554432"
    "memorysetup-temp-allocator-size-nav-mesh-worker=65536"
    "memorysetup-temp-allocator-size-audio-worker=65536"
    "memorysetup-temp-allocator-size-cloud-worker=32768"
    "memorysetup-temp-allocator-size-gi-baking-worker=262144"
    "memorysetup-temp-allocator-size-gfx=262144"
Refreshing native plugins compatible for Editor in 98.47 ms, found 3 plugins.
Preloading 0 native plugins for Editor in 0.00 ms.
Initialize engine version: 2021.3.8f1 (b30333d56e81)
[Subsystems] Discovering subsystems at path C:/Program Files/Unity/Hub/Editor/2021.3.8f1/Editor/Data/Resources/UnitySubsystems
[Subsystems] Discovering subsystems at path C:/Users/njere/Documents/GitHub/SpawnSystem/Spawn System/Assets
GfxDevice: creating device client; threaded=0; jobified=0
Direct3D:
    Version:  Direct3D 11.0 [level 11.1]
    Renderer: NVIDIA GeForce GTX 1650 (ID=0x1f82)
    Vendor:   NVIDIA
    VRAM:     3962 MB
    Driver:   31.0.15.1694
Initialize mono
Mono path[0] = 'C:/Program Files/Unity/Hub/Editor/2021.3.8f1/Editor/Data/Managed'
Mono path[1] = 'C:/Program Files/Unity/Hub/Editor/2021.3.8f1/Editor/Data/MonoBleedingEdge/lib/mono/unityjit-win32'
Mono config path = 'C:/Program Files/Unity/Hub/Editor/2021.3.8f1/Editor/Data/MonoBleedingEdge/etc'
Using monoOptions --debugger-agent=transport=dt_socket,embedding=1,server=y,suspend=n,address=127.0.0.1:56832
Begin MonoManager ReloadAssembly
Registering precompiled unity dll's ...
Register platform support module: C:/Program Files/Unity/Hub/Editor/2021.3.8f1/Editor/Data/PlaybackEngines/WebGLSupport/UnityEditor.WebGL.Extensions.dll
Register platform support module: C:/Program Files/Unity/Hub/Editor/2021.3.8f1/Editor/Data/PlaybackEngines/WindowsStandaloneSupport/UnityEditor.WindowsStandalone.Extensions.dll
Registered in 0.016525 seconds.
Native extension for WindowsStandalone target not found
Native extension for WebGL target not found
Refreshing native plugins compatible for Editor in 106.76 ms, found 3 plugins.
Preloading 0 native plugins for Editor in 0.00 ms.
Mono: successfully reloaded assembly
- Completed reload, in  0.785 seconds
Domain Reload Profiling:
	ReloadAssembly (786ms)
		BeginReloadAssembly (94ms)
			ExecutionOrderSort (0ms)
			DisableScriptedObjects (0ms)
			BackupInstance (0ms)
			ReleaseScriptingObjects (0ms)
			CreateAndSetChildDomain (1ms)
		EndReloadAssembly (539ms)
			LoadAssemblies (90ms)
			RebuildTransferFunctionScriptingTraits (0ms)
			SetupTypeCache (124ms)
			ReleaseScriptCaches (0ms)
			RebuildScriptCaches (31ms)
			SetupLoadedEditorAssemblies (320ms)
				LogAssemblyErrors (0ms)
				InitializePlatformSupportModulesInManaged (12ms)
				SetLoadedEditorAssemblies (0ms)
				RefreshPlugins (107ms)
				BeforeProcessingInitializeOnLoad (1ms)
				ProcessInitializeOnLoadAttributes (144ms)
				ProcessInitializeOnLoadMethodAttributes (55ms)
				AfterProcessingInitializeOnLoad (0ms)
				EditorAssembliesLoaded (0ms)
			ExecutionOrderSort2 (0ms)
			AwakeInstancesAfterBackupRestoration (0ms)
Platform modules already initialized, skipping
Registering precompiled user dll's ...
Registered in 0.010430 seconds.
Begin MonoManager ReloadAssembly
Symbol file LoadedFromMemory doesn't match image C:\Users\njere\Documents\GitHub\SpawnSystem\Spawn System\Library\PackageCache\com.unity.visualscripting@1.7.8\Editor\VisualScripting.Core\Dependencies\YamlDotNet\Unity.VisualScripting.YamlDotNet.dll
Symbol file LoadedFromMemory doesn't match image C:\Users\njere\Documents\GitHub\SpawnSystem\Spawn System\Library\PackageCache\com.unity.visualscripting@1.7.8\Editor\VisualScripting.Core\Dependencies\DotNetZip\Unity.VisualScripting.IonicZip.dll
Native extension for WindowsStandalone target not found
Native extension for WebGL target not found
Refreshing native plugins compatible for Editor in 0.64 ms, found 3 plugins.
Preloading 0 native plugins for Editor in 0.00 ms.
Mono: successfully reloaded assembly
- Completed reload, in  1.283 seconds
Domain Reload Profiling:
	ReloadAssembly (1284ms)
		BeginReloadAssembly (146ms)
			ExecutionOrderSort (0ms)
			DisableScriptedObjects (7ms)
			BackupInstance (0ms)
			ReleaseScriptingObjects (0ms)
			CreateAndSetChildDomain (21ms)
		EndReloadAssembly (980ms)
			LoadAssemblies (119ms)
			RebuildTransferFunctionScriptingTraits (0ms)
			SetupTypeCache (313ms)
			ReleaseScriptCaches (1ms)
			RebuildScriptCaches (58ms)
			SetupLoadedEditorAssemblies (450ms)
				LogAssemblyErrors (0ms)
				InitializePlatformSupportModulesInManaged (10ms)
				SetLoadedEditorAssemblies (1ms)
				RefreshPlugins (1ms)
				BeforeProcessingInitializeOnLoad (118ms)
				ProcessInitializeOnLoadAttributes (269ms)
				ProcessInitializeOnLoadMethodAttributes (35ms)
				AfterProcessingInitializeOnLoad (17ms)
				EditorAssembliesLoaded (0ms)
			ExecutionOrderSort2 (0ms)
			AwakeInstancesAfterBackupRestoration (7ms)
Platform modules already initialized, skipping
========================================================================
Worker process is ready to serve import requests
Launched and connected shader compiler UnityShaderCompiler.exe after 0.07 seconds
Refreshing native plugins compatible for Editor in 0.99 ms, found 3 plugins.
Preloading 0 native plugins for Editor in 0.00 ms.
Unloading 3377 Unused Serialized files (Serialized files now loaded: 0)
Unloading 27 unused Assets / (111.0 KB). Loaded Objects now: 3834.
Memory consumption went from 116.1 MB to 116.0 MB.
Total: 4.004400 ms (FindLiveObjects: 0.335100 ms CreateObjectMapping: 0.091300 ms MarkObjects: 3.439000 ms  DeleteObjects: 0.137600 ms)

AssetImportParameters requested are different than current active one (requested -> active):
  custom:video-decoder-ogg-theora: a1e56fd34408186e4bbccfd4996cb3dc -> 
  custom:container-muxer-webm: aa71ff27fc2769a1b78a27578f13a17b -> 
  custom:container-demuxer-webm: 4f35f7cbe854078d1ac9338744f61a02 -> 
  custom:video-encoder-webm-vp8: eb34c28f22e8b96e1ab97ce403110664 -> 
  custom:audio-encoder-webm-vorbis: bf7c407c2cedff20999df2af8eb42d56 -> 
  custom:framework-win-MediaFoundation: 216162199b28c13a410421893ffa2e32 -> 
  custom:container-demuxer-ogg: 62fdf1f143b41e24485cea50d1cbac27 -> 
  custom:video-decoder-webm-vp8: 9c59270c3fd7afecdb556c50c9e8de78 -> 
  custom:audio-decoder-ogg-vorbis: bf7c407c2cedff20999df2af8eb42d56 -> 
========================================================================
Received Import Request.
  Time since last request: 541466.184800 seconds.
  path: Assets/New Folder
  artifactKey: Guid(264e61a8e53464248b94f4f5c6487580) Importer(815301076,1909f56bfc062723c751e8b465ee728b)
Start importing Assets/New Folder using Guid(264e61a8e53464248b94f4f5c6487580) Importer(815301076,1909f56bfc062723c751e8b465ee728b)  -> (artifact id: '2322fb87ddca8e964358185f3a20508b') in 0.014621 seconds 
========================================================================
Received Import Request.
  Time since last request: 8.110273 seconds.
  path: Assets/New Folder/Client.cs
  artifactKey: Guid(6fa030176a9366843bab02c5317d6877) Importer(815301076,1909f56bfc062723c751e8b465ee728b)
Start importing Assets/New Folder/Client.cs using Guid(6fa030176a9366843bab02c5317d6877) Importer(815301076,1909f56bfc062723c751e8b465ee728b)  -> (artifact id: '1e463597011d5c8bc694383b91d11a7d') in 0.042686 seconds 
========================================================================
Received Prepare
Registering precompiled user dll's ...
Registered in 0.011499 seconds.
Begin MonoManager ReloadAssembly
Symbol file LoadedFromMemory doesn't match image C:\Users\njere\Documents\GitHub\SpawnSystem\Spawn System\Library\PackageCache\com.unity.visualscripting@1.7.8\Editor\VisualScripting.Core\Dependencies\YamlDotNet\Unity.VisualScripting.YamlDotNet.dll
Symbol file LoadedFromMemory doesn't match image C:\Users\njere\Documents\GitHub\SpawnSystem\Spawn System\Library\PackageCache\com.unity.visualscripting@1.7.8\Editor\VisualScripting.Core\Dependencies\DotNetZip\Unity.VisualScripting.IonicZip.dll
Native extension for WindowsStandalone target not found
Native extension for WebGL target not found
Refreshing native plugins compatible for Editor in 1.00 ms, found 3 plugins.
Preloading 0 native plugins for Editor in 0.00 ms.
Mono: successfully reloaded assembly
- Completed reload, in  1.408 seconds
Domain Reload Profiling:
	ReloadAssembly (1409ms)
		BeginReloadAssembly (218ms)
			ExecutionOrderSort (0ms)
			DisableScriptedObjects (8ms)
			BackupInstance (0ms)
			ReleaseScriptingObjects (0ms)
			CreateAndSetChildDomain (58ms)
		EndReloadAssembly (1015ms)
			LoadAssemblies (146ms)
			RebuildTransferFunctionScriptingTraits (0ms)
			SetupTypeCache (344ms)
			ReleaseScriptCaches (2ms)
			RebuildScriptCaches (55ms)
			SetupLoadedEditorAssemblies (429ms)
				LogAssemblyErrors (0ms)
				InitializePlatformSupportModulesInManaged (22ms)
				SetLoadedEditorAssemblies (1ms)
				RefreshPlugins (1ms)
				BeforeProcessingInitializeOnLoad (111ms)
				ProcessInitializeOnLoadAttributes (245ms)
				ProcessInitializeOnLoadMethodAttributes (33ms)
				AfterProcessingInitializeOnLoad (16ms)
				EditorAssembliesLoaded (0ms)
			ExecutionOrderSort2 (0ms)
			AwakeInstancesAfterBackupRestoration (8ms)
Platform modules already initialized, skipping
Refreshing native plugins compatible for Editor in 3.23 ms, found 3 plugins.
Preloading 0 native plugins for Editor in 0.00 ms.
Unloading 3373 Unused Serialized files (Serialized files now loaded: 0)
Unloading 20 unused Assets / (78.3 KB). Loaded Objects now: 3838.
Memory consumption went from 116.1 MB to 116.0 MB.
Total: 4.606900 ms (FindLiveObjects: 0.371300 ms CreateObjectMapping: 0.119200 ms MarkObjects: 4.003400 ms  DeleteObjects: 0.111200 ms)

AssetImportParameters requested are different than current active one (requested -> active):
  custom:video-decoder-ogg-theora: a1e56fd34408186e4bbccfd4996cb3dc -> 
  custom:container-muxer-webm: aa71ff27fc2769a1b78a27578f13a17b -> 
  custom:container-demuxer-webm: 4f35f7cbe854078d1ac9338744f61a02 -> 
  custom:video-encoder-webm-vp8: eb34c28f22e8b96e1ab97ce403110664 -> 
  custom:audio-encoder-webm-vorbis: bf7c407c2cedff20999df2af8eb42d56 -> 
  custom:framework-win-MediaFoundation: 216162199b28c13a410421893ffa2e32 -> 
  custom:container-demuxer-ogg: 62fdf1f143b41e24485cea50d1cbac27 -> 
  custom:video-decoder-webm-vp8: 9c59270c3fd7afecdb556c50c9e8de78 -> 
  custom:audio-decoder-ogg-vorbis: bf7c407c2cedff20999df2af8eb42d56 -> 
========================================================================
Received Import Request.
  Time since last request: 61.881610 seconds.
  path: Assets/New Folder/IVehicle.cs
  artifactKey: Guid(0c671778f60770b4aae85662a976e7bb) Importer(815301076,1909f56bfc062723c751e8b465ee728b)
Start importing Assets/New Folder/IVehicle.cs using Guid(0c671778f60770b4aae85662a976e7bb) Importer(815301076,1909f56bfc062723c751e8b465ee728b)  -> (artifact id: 'a688420822f8c5ae2bf131e85da976b2') in 0.013624 seconds 
========================================================================
Received Import Request.
  Time since last request: 256.420520 seconds.
  path: Assets/New Folder/IVehicle.cs
  artifactKey: Guid(0c671778f60770b4aae85662a976e7bb) Importer(815301076,1909f56bfc062723c751e8b465ee728b)
Start importing Assets/New Folder/IVehicle.cs using Guid(0c671778f60770b4aae85662a976e7bb) Importer(815301076,1909f56bfc062723c751e8b465ee728b)  -> (artifact id: '6a2bf3e3abafd0316137bcf4a2756900') in 0.003056 seconds 
========================================================================
Received Import Request.
  Time since last request: 13.848872 seconds.
  path: Assets/New Folder/NewBehaviourScript.cs
  artifactKey: Guid(237642078fcfdc841b8c78434d33d499) Importer(815301076,1909f56bfc062723c751e8b465ee728b)
Start importing Assets/New Folder/NewBehaviourScript.cs using Guid(237642078fcfdc841b8c78434d33d499) Importer(815301076,1909f56bfc062723c751e8b465ee728b)  -> (artifact id: '823cbe98bd5fb27452cd7a5091eb25da') in 0.007895 seconds 
========================================================================
Received Import Request.
  Time since last request: 8.300308 seconds.
  path: Assets/New Folder/VehicleFactory.cs
  artifactKey: Guid(237642078fcfdc841b8c78434d33d499) Importer(815301076,1909f56bfc062723c751e8b465ee728b)
Start importing Assets/New Folder/VehicleFactory.cs using Guid(237642078fcfdc841b8c78434d33d499) Importer(815301076,1909f56bfc062723c751e8b465ee728b)  -> (artifact id: '665865a710fa873b2e69dd67f9e841fd') in 0.007723 seconds 
========================================================================
Received Import Request.
  Time since last request: 309.582267 seconds.
  path: Assets/New Folder/Client.cs
  artifactKey: Guid(6fa030176a9366843bab02c5317d6877) Importer(815301076,1909f56bfc062723c751e8b465ee728b)
Start importing Assets/New Folder/Client.cs using Guid(6fa030176a9366843bab02c5317d6877) Importer(815301076,1909f56bfc062723c751e8b465ee728b)  -> (artifact id: 'c5bc5813aad6d2c225d17c06df06a74b') in 0.006832 seconds 
========================================================================
Received Prepare
Registering precompiled user dll's ...
Registered in 0.009467 seconds.
Begin MonoManager ReloadAssembly
Symbol file LoadedFromMemory doesn't match image C:\Users\njere\Documents\GitHub\SpawnSystem\Spawn System\Library\PackageCache\com.unity.visualscripting@1.7.8\Editor\VisualScripting.Core\Dependencies\YamlDotNet\Unity.VisualScripting.YamlDotNet.dll
Symbol file LoadedFromMemory doesn't match image C:\Users\njere\Documents\GitHub\SpawnSystem\Spawn System\Library\PackageCache\com.unity.visualscripting@1.7.8\Editor\VisualScripting.Core\Dependencies\DotNetZip\Unity.VisualScripting.IonicZip.dll
Native extension for WindowsStandalone target not found
Native extension for WebGL target not found
Refreshing native plugins compatible for Editor in 0.62 ms, found 3 plugins.
Preloading 0 native plugins for Editor in 0.00 ms.
Mono: successfully reloaded assembly
- Completed reload, in  1.264 seconds
Domain Reload Profiling:
	ReloadAssembly (1264ms)
		BeginReloadAssembly (189ms)
			ExecutionOrderSort (0ms)
			DisableScriptedObjects (9ms)
			BackupInstance (0ms)
			ReleaseScriptingObjects (0ms)
			CreateAndSetChildDomain (44ms)
		EndReloadAssembly (917ms)
			LoadAssemblies (132ms)
			RebuildTransferFunctionScriptingTraits (0ms)
			SetupTypeCache (302ms)
			ReleaseScriptCaches (1ms)
			RebuildScriptCaches (47ms)
			SetupLoadedEditorAssemblies (403ms)
				LogAssemblyErrors (0ms)
				InitializePlatformSupportModulesInManaged (18ms)
				SetLoadedEditorAssemblies (1ms)
				RefreshPlugins (1ms)
				BeforeProcessingInitializeOnLoad (94ms)
				ProcessInitializeOnLoadAttributes (240ms)
				ProcessInitializeOnLoadMethodAttributes (33ms)
				AfterProcessingInitializeOnLoad (16ms)
				EditorAssembliesLoaded (0ms)
			ExecutionOrderSort2 (0ms)
			AwakeInstancesAfterBackupRestoration (8ms)
Platform modules already initialized, skipping
Refreshing native plugins compatible for Editor in 2.43 ms, found 3 plugins.
Preloading 0 native plugins for Editor in 0.00 ms.
Unloading 3372 Unused Serialized files (Serialized files now loaded: 0)
Unloading 21 unused Assets / (78.3 KB). Loaded Objects now: 3840.
Memory consumption went from 116.1 MB to 116.0 MB.
Total: 3.744700 ms (FindLiveObjects: 0.331500 ms CreateObjectMapping: 0.081300 ms MarkObjects: 3.217500 ms  DeleteObjects: 0.113200 ms)

AssetImportParameters requested are different than current active one (requested -> active):
  custom:video-decoder-ogg-theora: a1e56fd34408186e4bbccfd4996cb3dc -> 
  custom:container-muxer-webm: aa71ff27fc2769a1b78a27578f13a17b -> 
  custom:container-demuxer-webm: 4f35f7cbe854078d1ac9338744f61a02 -> 
  custom:video-encoder-webm-vp8: eb34c28f22e8b96e1ab97ce403110664 -> 
  custom:audio-encoder-webm-vorbis: bf7c407c2cedff20999df2af8eb42d56 -> 
  custom:framework-win-MediaFoundation: 216162199b28c13a410421893ffa2e32 -> 
  custom:container-demuxer-ogg: 62fdf1f143b41e24485cea50d1cbac27 -> 
  custom:video-decoder-webm-vp8: 9c59270c3fd7afecdb556c50c9e8de78 -> 
  custom:audio-decoder-ogg-vorbis: bf7c407c2cedff20999df2af8eb42d56 -> 
========================================================================
Received Prepare
Registering precompiled user dll's ...
Registered in 0.009810 seconds.
Begin MonoManager ReloadAssembly
Symbol file LoadedFromMemory doesn't match image C:\Users\njere\Documents\GitHub\SpawnSystem\Spawn System\Library\PackageCache\com.unity.visualscripting@1.7.8\Editor\VisualScripting.Core\Dependencies\YamlDotNet\Unity.VisualScripting.YamlDotNet.dll
Symbol file LoadedFromMemory doesn't match image C:\Users\njere\Documents\GitHub\SpawnSystem\Spawn System\Library\PackageCache\com.unity.visualscripting@1.7.8\Editor\VisualScripting.Core\Dependencies\DotNetZip\Unity.VisualScripting.IonicZip.dll
Native extension for WindowsStandalone target not found
Native extension for WebGL target not found
Refreshing native plugins compatible for Editor in 0.78 ms, found 3 plugins.
Preloading 0 native plugins for Editor in 0.00 ms.
Mono: successfully reloaded assembly
- Completed reload, in  1.231 seconds
Domain Reload Profiling:
	ReloadAssembly (1232ms)
		BeginReloadAssembly (184ms)
			ExecutionOrderSort (0ms)
			DisableScriptedObjects (7ms)
			BackupInstance (0ms)
			ReleaseScriptingObjects (0ms)
			CreateAndSetChildDomain (39ms)
		EndReloadAssembly (890ms)
			LoadAssemblies (130ms)
			RebuildTransferFunctionScriptingTraits (0ms)
			SetupTypeCache (299ms)
			ReleaseScriptCaches (1ms)
			RebuildScriptCaches (48ms)
			SetupLoadedEditorAssemblies (387ms)
				LogAssemblyErrors (0ms)
				InitializePlatformSupportModulesInManaged (20ms)
				SetLoadedEditorAssemblies (1ms)
				RefreshPlugins (1ms)
				BeforeProcessingInitializeOnLoad (92ms)
				ProcessInitializeOnLoadAttributes (224ms)
				ProcessInitializeOnLoadMethodAttributes (32ms)
				AfterProcessingInitializeOnLoad (17ms)
				EditorAssembliesLoaded (0ms)
			ExecutionOrderSort2 (0ms)
			AwakeInstancesAfterBackupRestoration (7ms)
Platform modules already initialized, skipping
Refreshing native plugins compatible for Editor in 2.54 ms, found 3 plugins.
Preloading 0 native plugins for Editor in 0.00 ms.
Unloading 3385 Unused Serialized files (Serialized files now loaded: 0)
Unloading 20 unused Assets / (78.3 KB). Loaded Objects now: 3856.
Memory consumption went from 116.3 MB to 116.3 MB.
Total: 3.298300 ms (FindLiveObjects: 0.282200 ms CreateObjectMapping: 0.080100 ms MarkObjects: 2.845900 ms  DeleteObjects: 0.089000 ms)

AssetImportParameters requested are different than current active one (requested -> active):
  custom:video-decoder-ogg-theora: a1e56fd34408186e4bbccfd4996cb3dc -> 
  custom:container-muxer-webm: aa71ff27fc2769a1b78a27578f13a17b -> 
  custom:container-demuxer-webm: 4f35f7cbe854078d1ac9338744f61a02 -> 
  custom:video-encoder-webm-vp8: eb34c28f22e8b96e1ab97ce403110664 -> 
  custom:audio-encoder-webm-vorbis: bf7c407c2cedff20999df2af8eb42d56 -> 
  custom:framework-win-MediaFoundation: 216162199b28c13a410421893ffa2e32 -> 
  custom:container-demuxer-ogg: 62fdf1f143b41e24485cea50d1cbac27 -> 
  custom:video-decoder-webm-vp8: 9c59270c3fd7afecdb556c50c9e8de78 -> 
  custom:audio-decoder-ogg-vorbis: bf7c407c2cedff20999df2af8eb42d56 -> 
========================================================================
Received Import Request.
  Time since last request: 128.838006 seconds.
  path: Assets/New Folder/AbstractVehicleFactory.cs
  artifactKey: Guid(a27e9f6b706c9aa488b65017fe27a423) Importer(815301076,1909f56bfc062723c751e8b465ee728b)
Start importing Assets/New Folder/AbstractVehicleFactory.cs using Guid(a27e9f6b706c9aa488b65017fe27a423) Importer(815301076,1909f56bfc062723c751e8b465ee728b)  -> (artifact id: 'c571b232536482d7143cbb3cc902d465') in 0.012003 seconds 
========================================================================
Received Import Request.
  Time since last request: 51.647354 seconds.
  path: Assets/New Folder/Factories
  artifactKey: Guid(05209e32bc6f89a4da761201e7f44c19) Importer(815301076,1909f56bfc062723c751e8b465ee728b)
Start importing Assets/New Folder/Factories using Guid(05209e32bc6f89a4da761201e7f44c19) Importer(815301076,1909f56bfc062723c751e8b465ee728b)  -> (artifact id: 'edbc70e3b43c167da38cd3cdbe5906e6') in 0.009197 seconds 
========================================================================
Received Import Request.
  Time since last request: 1.242520 seconds.
  path: Assets/New Folder/Factories/Cyclefactory.cs
  artifactKey: Guid(c3ae9076e02ff8545b8dd6948174840a) Importer(815301076,1909f56bfc062723c751e8b465ee728b)
Start importing Assets/New Folder/Factories/Cyclefactory.cs using Guid(c3ae9076e02ff8545b8dd6948174840a) Importer(815301076,1909f56bfc062723c751e8b465ee728b)  -> (artifact id: '80af8db39fd8a869085f555d9901d209') in 0.007130 seconds 
========================================================================
Received Import Request.
  Time since last request: 9.154118 seconds.
  path: Assets/New Folder/Factories/MotorBikeFactory.cs
  artifactKey: Guid(fc65c98611face44aa7af3af0963f38b) Importer(815301076,1909f56bfc062723c751e8b465ee728b)
Start importing Assets/New Folder/Factories/MotorBikeFactory.cs using Guid(fc65c98611face44aa7af3af0963f38b) Importer(815301076,1909f56bfc062723c751e8b465ee728b)  -> (artifact id: '65be7e1f4746f73a9bd2289bd656997b') in 0.007507 seconds 
========================================================================
Received Import Request.
  Time since last request: 12.710095 seconds.
  path: Assets/New Folder/Factories/MotorVehicleFactory.cs
  artifactKey: Guid(f2f59983acec4724092065f11ca96e3b) Importer(815301076,1909f56bfc062723c751e8b465ee728b)
Start importing Assets/New Folder/Factories/MotorVehicleFactory.cs using Guid(f2f59983acec4724092065f11ca96e3b) Importer(815301076,1909f56bfc062723c751e8b465ee728b)  -> (artifact id: '3f5812133af7b130fba6c5a1690bb957') in 0.007101 seconds 
========================================================================
Received Prepare
Registering precompiled user dll's ...
Registered in 0.011130 seconds.
Begin MonoManager ReloadAssembly
Symbol file LoadedFromMemory doesn't match image C:\Users\njere\Documents\GitHub\SpawnSystem\Spawn System\Library\PackageCache\com.unity.visualscripting@1.7.8\Editor\VisualScripting.Core\Dependencies\YamlDotNet\Unity.VisualScripting.YamlDotNet.dll
Symbol file LoadedFromMemory doesn't match image C:\Users\njere\Documents\GitHub\SpawnSystem\Spawn System\Library\PackageCache\com.unity.visualscripting@1.7.8\Editor\VisualScripting.Core\Dependencies\DotNetZip\Unity.VisualScripting.IonicZip.dll
Native extension for WindowsStandalone target not found
Native extension for WebGL target not found
Refreshing native plugins compatible for Editor in 0.68 ms, found 3 plugins.
Preloading 0 native plugins for Editor in 0.00 ms.
Mono: successfully reloaded assembly
- Completed reload, in  1.216 seconds
Domain Reload Profiling:
	ReloadAssembly (1217ms)
		BeginReloadAssembly (179ms)
			ExecutionOrderSort (0ms)
			DisableScriptedObjects (7ms)
			BackupInstance (0ms)
			ReleaseScriptingObjects (0ms)
			CreateAndSetChildDomain (42ms)
		EndReloadAssembly (897ms)
			LoadAssemblies (124ms)
			RebuildTransferFunctionScriptingTraits (0ms)
			SetupTypeCache (302ms)
			ReleaseScriptCaches (1ms)
			RebuildScriptCaches (46ms)
			SetupLoadedEditorAssemblies (392ms)
				LogAssemblyErrors (0ms)
				InitializePlatformSupportModulesInManaged (19ms)
				SetLoadedEditorAssemblies (1ms)
				RefreshPlugins (1ms)
				BeforeProcessingInitializeOnLoad (96ms)
				ProcessInitializeOnLoadAttributes (226ms)
				ProcessInitializeOnLoadMethodAttributes (34ms)
				AfterProcessingInitializeOnLoad (15ms)
				EditorAssembliesLoaded (0ms)
			ExecutionOrderSort2 (0ms)
			AwakeInstancesAfterBackupRestoration (7ms)
Platform modules already initialized, skipping
Refreshing native plugins compatible for Editor in 2.74 ms, found 3 plugins.
Preloading 0 native plugins for Editor in 0.00 ms.
Unloading 3372 Unused Serialized files (Serialized files now loaded: 0)
Unloading 33 unused Assets / (78.3 KB). Loaded Objects now: 3846.
Memory consumption went from 116.1 MB to 116.0 MB.
Total: 3.337100 ms (FindLiveObjects: 0.292900 ms CreateObjectMapping: 0.082700 ms MarkObjects: 2.860600 ms  DeleteObjects: 0.100000 ms)

AssetImportParameters requested are different than current active one (requested -> active):
  custom:video-decoder-ogg-theora: a1e56fd34408186e4bbccfd4996cb3dc -> 
  custom:container-muxer-webm: aa71ff27fc2769a1b78a27578f13a17b -> 
  custom:container-demuxer-webm: 4f35f7cbe854078d1ac9338744f61a02 -> 
  custom:video-encoder-webm-vp8: eb34c28f22e8b96e1ab97ce403110664 -> 
  custom:audio-encoder-webm-vorbis: bf7c407c2cedff20999df2af8eb42d56 -> 
  custom:framework-win-MediaFoundation: 216162199b28c13a410421893ffa2e32 -> 
  custom:container-demuxer-ogg: 62fdf1f143b41e24485cea50d1cbac27 -> 
  custom:video-decoder-webm-vp8: 9c59270c3fd7afecdb556c50c9e8de78 -> 
  custom:audio-decoder-ogg-vorbis: bf7c407c2cedff20999df2af8eb42d56 -> 
========================================================================
Received Import Request.
  Time since last request: 588.183603 seconds.
  path: Assets/New Folder/AbstractFactory.cs
  artifactKey: Guid(9d9b1eb41a511f9478f5ff8be59540a7) Importer(815301076,1909f56bfc062723c751e8b465ee728b)
Start importing Assets/New Folder/AbstractFactory.cs using Guid(9d9b1eb41a511f9478f5ff8be59540a7) Importer(815301076,1909f56bfc062723c751e8b465ee728b)  -> (artifact id: '1fb949fb33d11e6e6a420017856fe321') in 0.013404 seconds 
========================================================================
Received Prepare
Registering precompiled user dll's ...
Registered in 0.010845 seconds.
Begin MonoManager ReloadAssembly
Symbol file LoadedFromMemory doesn't match image C:\Users\njere\Documents\GitHub\SpawnSystem\Spawn System\Library\PackageCache\com.unity.visualscripting@1.7.8\Editor\VisualScripting.Core\Dependencies\YamlDotNet\Unity.VisualScripting.YamlDotNet.dll
Symbol file LoadedFromMemory doesn't match image C:\Users\njere\Documents\GitHub\SpawnSystem\Spawn System\Library\PackageCache\com.unity.visualscripting@1.7.8\Editor\VisualScripting.Core\Dependencies\DotNetZip\Unity.VisualScripting.IonicZip.dll
Native extension for WindowsStandalone target not found
Native extension for WebGL target not found
Refreshing native plugins compatible for Editor in 0.69 ms, found 3 plugins.
Preloading 0 native plugins for Editor in 0.00 ms.
Mono: successfully reloaded assembly
- Completed reload, in  1.225 seconds
Domain Reload Profiling:
	ReloadAssembly (1226ms)
		BeginReloadAssembly (175ms)
			ExecutionOrderSort (0ms)
			DisableScriptedObjects (7ms)
			BackupInstance (0ms)
			ReleaseScriptingObjects (0ms)
			CreateAndSetChildDomain (40ms)
		EndReloadAssembly (904ms)
			LoadAssemblies (121ms)
			RebuildTransferFunctionScriptingTraits (0ms)
			SetupTypeCache (293ms)
			ReleaseScriptCaches (1ms)
			RebuildScriptCaches (44ms)
			SetupLoadedEditorAssemblies (409ms)
				LogAssemblyErrors (0ms)
				InitializePlatformSupportModulesInManaged (18ms)
				SetLoadedEditorAssemblies (1ms)
				RefreshPlugins (1ms)
				BeforeProcessingInitializeOnLoad (95ms)
				ProcessInitializeOnLoadAttributes (240ms)
				ProcessInitializeOnLoadMethodAttributes (38ms)
				AfterProcessingInitializeOnLoad (16ms)
				EditorAssembliesLoaded (0ms)
			ExecutionOrderSort2 (0ms)
			AwakeInstancesAfterBackupRestoration (7ms)
Platform modules already initialized, skipping
Refreshing native plugins compatible for Editor in 2.69 ms, found 3 plugins.
Preloading 0 native plugins for Editor in 0.00 ms.
Unloading 3373 Unused Serialized files (Serialized files now loaded: 0)
Unloading 20 unused Assets / (78.2 KB). Loaded Objects now: 3850.
Memory consumption went from 116.1 MB to 116.0 MB.
Total: 3.866700 ms (FindLiveObjects: 0.316000 ms CreateObjectMapping: 0.079700 ms MarkObjects: 3.352800 ms  DeleteObjects: 0.116500 ms)

AssetImportParameters requested are different than current active one (requested -> active):
  custom:video-decoder-ogg-theora: a1e56fd34408186e4bbccfd4996cb3dc -> 
  custom:container-muxer-webm: aa71ff27fc2769a1b78a27578f13a17b -> 
  custom:container-demuxer-webm: 4f35f7cbe854078d1ac9338744f61a02 -> 
  custom:video-encoder-webm-vp8: eb34c28f22e8b96e1ab97ce403110664 -> 
  custom:audio-encoder-webm-vorbis: bf7c407c2cedff20999df2af8eb42d56 -> 
  custom:framework-win-MediaFoundation: 216162199b28c13a410421893ffa2e32 -> 
  custom:container-demuxer-ogg: 62fdf1f143b41e24485cea50d1cbac27 -> 
  custom:video-decoder-webm-vp8: 9c59270c3fd7afecdb556c50c9e8de78 -> 
  custom:audio-decoder-ogg-vorbis: bf7c407c2cedff20999df2af8eb42d56 -> 
========================================================================
Received Import Request.
  Time since last request: 63.356511 seconds.
  path: Assets/New Folder/AbstractFactory.cs
  artifactKey: Guid(9d9b1eb41a511f9478f5ff8be59540a7) Importer(815301076,1909f56bfc062723c751e8b465ee728b)
Start importing Assets/New Folder/AbstractFactory.cs using Guid(9d9b1eb41a511f9478f5ff8be59540a7) Importer(815301076,1909f56bfc062723c751e8b465ee728b)  -> (artifact id: '7e712e6a39ce45070259d876da7aa5fa') in 0.008518 seconds 
========================================================================
Received Import Request.
  Time since last request: 7.851646 seconds.
  path: Assets/New Folder/NewBehaviourScript.cs
  artifactKey: Guid(3c333e9e71897214ab72ae42a95c1ec8) Importer(815301076,1909f56bfc062723c751e8b465ee728b)
Start importing Assets/New Folder/NewBehaviourScript.cs using Guid(3c333e9e71897214ab72ae42a95c1ec8) Importer(815301076,1909f56bfc062723c751e8b465ee728b)  -> (artifact id: '8742d0cbd69acc9657359f62ce545bcd') in 0.006567 seconds 
========================================================================
Received Prepare
Registering precompiled user dll's ...
Registered in 0.010348 seconds.
Begin MonoManager ReloadAssembly
Symbol file LoadedFromMemory doesn't match image C:\Users\njere\Documents\GitHub\SpawnSystem\Spawn System\Library\PackageCache\com.unity.visualscripting@1.7.8\Editor\VisualScripting.Core\Dependencies\YamlDotNet\Unity.VisualScripting.YamlDotNet.dll
Symbol file LoadedFromMemory doesn't match image C:\Users\njere\Documents\GitHub\SpawnSystem\Spawn System\Library\PackageCache\com.unity.visualscripting@1.7.8\Editor\VisualScripting.Core\Dependencies\DotNetZip\Unity.VisualScripting.IonicZip.dll
Native extension for WindowsStandalone target not found
Native extension for WebGL target not found
Refreshing native plugins compatible for Editor in 0.64 ms, found 3 plugins.
Preloading 0 native plugins for Editor in 0.00 ms.
Mono: successfully reloaded assembly
- Completed reload, in  1.209 seconds
Domain Reload Profiling:
	ReloadAssembly (1210ms)
		BeginReloadAssembly (168ms)
			ExecutionOrderSort (0ms)
			DisableScriptedObjects (7ms)
			BackupInstance (0ms)
			ReleaseScriptingObjects (0ms)
			CreateAndSetChildDomain (40ms)
		EndReloadAssembly (910ms)
			LoadAssemblies (111ms)
			RebuildTransferFunctionScriptingTraits (0ms)
			SetupTypeCache (298ms)
			ReleaseScriptCaches (1ms)
			RebuildScriptCaches (53ms)
			SetupLoadedEditorAssemblies (389ms)
				LogAssemblyErrors (0ms)
				InitializePlatformSupportModulesInManaged (18ms)
				SetLoadedEditorAssemblies (1ms)
				RefreshPlugins (1ms)
				BeforeProcessingInitializeOnLoad (94ms)
				ProcessInitializeOnLoadAttributes (228ms)
				ProcessInitializeOnLoadMethodAttributes (32ms)
				AfterProcessingInitializeOnLoad (15ms)
				EditorAssembliesLoaded (0ms)
			ExecutionOrderSort2 (0ms)
			AwakeInstancesAfterBackupRestoration (7ms)
Platform modules already initialized, skipping
Refreshing native plugins compatible for Editor in 2.60 ms, found 3 plugins.
Preloading 0 native plugins for Editor in 0.00 ms.
Unloading 3374 Unused Serialized files (Serialized files now loaded: 0)
Unloading 20 unused Assets / (78.3 KB). Loaded Objects now: 3854.
Memory consumption went from 116.1 MB to 116.0 MB.
Total: 3.691300 ms (FindLiveObjects: 0.309100 ms CreateObjectMapping: 0.081300 ms MarkObjects: 3.198000 ms  DeleteObjects: 0.101300 ms)

AssetImportParameters requested are different than current active one (requested -> active):
  custom:video-decoder-ogg-theora: a1e56fd34408186e4bbccfd4996cb3dc -> 
  custom:container-muxer-webm: aa71ff27fc2769a1b78a27578f13a17b -> 
  custom:container-demuxer-webm: 4f35f7cbe854078d1ac9338744f61a02 -> 
  custom:video-encoder-webm-vp8: eb34c28f22e8b96e1ab97ce403110664 -> 
  custom:audio-encoder-webm-vorbis: bf7c407c2cedff20999df2af8eb42d56 -> 
  custom:framework-win-MediaFoundation: 216162199b28c13a410421893ffa2e32 -> 
  custom:container-demuxer-ogg: 62fdf1f143b41e24485cea50d1cbac27 -> 
  custom:video-decoder-webm-vp8: 9c59270c3fd7afecdb556c50c9e8de78 -> 
  custom:audio-decoder-ogg-vorbis: bf7c407c2cedff20999df2af8eb42d56 -> 
========================================================================
Received Import Request.
  Time since last request: 33.295456 seconds.
  path: Assets/New Folder/NewBehaviourScript.cs
  artifactKey: Guid(3c333e9e71897214ab72ae42a95c1ec8) Importer(815301076,1909f56bfc062723c751e8b465ee728b)
Start importing Assets/New Folder/NewBehaviourScript.cs using Guid(3c333e9e71897214ab72ae42a95c1ec8) Importer(815301076,1909f56bfc062723c751e8b465ee728b)  -> (artifact id: 'd2f06ef06efa8270be3842e5b73b46f5') in 0.008836 seconds 
========================================================================
Received Import Request.
  Time since last request: 1.353246 seconds.
  path: Assets/New Folder/NewBehaviourScript1.cs
  artifactKey: Guid(565cb45b1e9756e4381d584444984126) Importer(815301076,1909f56bfc062723c751e8b465ee728b)
Start importing Assets/New Folder/NewBehaviourScript1.cs using Guid(565cb45b1e9756e4381d584444984126) Importer(815301076,1909f56bfc062723c751e8b465ee728b)  -> (artifact id: '01564ffb49779f395c441b78f399b41d') in 0.007805 seconds 
========================================================================
Received Prepare
Registering precompiled user dll's ...
Registered in 0.009264 seconds.
Begin MonoManager ReloadAssembly
Symbol file LoadedFromMemory doesn't match image C:\Users\njere\Documents\GitHub\SpawnSystem\Spawn System\Library\PackageCache\com.unity.visualscripting@1.7.8\Editor\VisualScripting.Core\Dependencies\YamlDotNet\Unity.VisualScripting.YamlDotNet.dll
Symbol file LoadedFromMemory doesn't match image C:\Users\njere\Documents\GitHub\SpawnSystem\Spawn System\Library\PackageCache\com.unity.visualscripting@1.7.8\Editor\VisualScripting.Core\Dependencies\DotNetZip\Unity.VisualScripting.IonicZip.dll
Native extension for WindowsStandalone target not found
Native extension for WebGL target not found
Refreshing native plugins compatible for Editor in 0.64 ms, found 3 plugins.
Preloading 0 native plugins for Editor in 0.00 ms.
Mono: successfully reloaded assembly
- Completed reload, in  1.222 seconds
Domain Reload Profiling:
	ReloadAssembly (1223ms)
		BeginReloadAssembly (177ms)
			ExecutionOrderSort (0ms)
			DisableScriptedObjects (6ms)
			BackupInstance (0ms)
			ReleaseScriptingObjects (0ms)
			CreateAndSetChildDomain (39ms)
		EndReloadAssembly (907ms)
			LoadAssemblies (126ms)
			RebuildTransferFunctionScriptingTraits (0ms)
			SetupTypeCache (303ms)
			ReleaseScriptCaches (2ms)
			RebuildScriptCaches (49ms)
			SetupLoadedEditorAssemblies (394ms)
				LogAssemblyErrors (0ms)
				InitializePlatformSupportModulesInManaged (18ms)
				SetLoadedEditorAssemblies (1ms)
				RefreshPlugins (1ms)
				BeforeProcessingInitializeOnLoad (87ms)
				ProcessInitializeOnLoadAttributes (239ms)
				ProcessInitializeOnLoadMethodAttributes (32ms)
				AfterProcessingInitializeOnLoad (17ms)
				EditorAssembliesLoaded (0ms)
			ExecutionOrderSort2 (0ms)
			AwakeInstancesAfterBackupRestoration (7ms)
Platform modules already initialized, skipping
Refreshing native plugins compatible for Editor in 2.64 ms, found 3 plugins.
Preloading 0 native plugins for Editor in 0.00 ms.
Unloading 3375 Unused Serialized files (Serialized files now loaded: 0)
Unloading 20 unused Assets / (78.2 KB). Loaded Objects now: 3858.
Memory consumption went from 116.2 MB to 116.1 MB.
Total: 3.505300 ms (FindLiveObjects: 0.337300 ms CreateObjectMapping: 0.078700 ms MarkObjects: 2.987700 ms  DeleteObjects: 0.100300 ms)

AssetImportParameters requested are different than current active one (requested -> active):
  custom:video-decoder-ogg-theora: a1e56fd34408186e4bbccfd4996cb3dc -> 
  custom:container-muxer-webm: aa71ff27fc2769a1b78a27578f13a17b -> 
  custom:container-demuxer-webm: 4f35f7cbe854078d1ac9338744f61a02 -> 
  custom:video-encoder-webm-vp8: eb34c28f22e8b96e1ab97ce403110664 -> 
  custom:audio-encoder-webm-vorbis: bf7c407c2cedff20999df2af8eb42d56 -> 
  custom:framework-win-MediaFoundation: 216162199b28c13a410421893ffa2e32 -> 
  custom:container-demuxer-ogg: 62fdf1f143b41e24485cea50d1cbac27 -> 
  custom:video-decoder-webm-vp8: 9c59270c3fd7afecdb556c50c9e8de78 -> 
  custom:audio-decoder-ogg-vorbis: bf7c407c2cedff20999df2af8eb42d56 -> 
========================================================================
Received Import Request.
  Time since last request: 10.094357 seconds.
  path: Assets/New Folder/IVehicle.cs
  artifactKey: Guid(3c333e9e71897214ab72ae42a95c1ec8) Importer(815301076,1909f56bfc062723c751e8b465ee728b)
Start importing Assets/New Folder/IVehicle.cs using Guid(3c333e9e71897214ab72ae42a95c1ec8) Importer(815301076,1909f56bfc062723c751e8b465ee728b)  -> (artifact id: 'a5de8bb54fdb2326f52d1d50ba553a6e') in 0.008421 seconds 
========================================================================
Received Prepare
Registering precompiled user dll's ...
Registered in 0.012293 seconds.
Begin MonoManager ReloadAssembly
Symbol file LoadedFromMemory doesn't match image C:\Users\njere\Documents\GitHub\SpawnSystem\Spawn System\Library\PackageCache\com.unity.visualscripting@1.7.8\Editor\VisualScripting.Core\Dependencies\YamlDotNet\Unity.VisualScripting.YamlDotNet.dll
Symbol file LoadedFromMemory doesn't match image C:\Users\njere\Documents\GitHub\SpawnSystem\Spawn System\Library\PackageCache\com.unity.visualscripting@1.7.8\Editor\VisualScripting.Core\Dependencies\DotNetZip\Unity.VisualScripting.IonicZip.dll
Native extension for WindowsStandalone target not found
Native extension for WebGL target not found
Refreshing native plugins compatible for Editor in 0.64 ms, found 3 plugins.
Preloading 0 native plugins for Editor in 0.00 ms.
Mono: successfully reloaded assembly
- Completed reload, in  1.315 seconds
Domain Reload Profiling:
	ReloadAssembly (1316ms)
		BeginReloadAssembly (184ms)
			ExecutionOrderSort (0ms)
			DisableScriptedObjects (7ms)
			BackupInstance (0ms)
			ReleaseScriptingObjects (0ms)
			CreateAndSetChildDomain (43ms)
		EndReloadAssembly (934ms)
			LoadAssemblies (129ms)
			RebuildTransferFunctionScriptingTraits (0ms)
			SetupTypeCache (317ms)
			ReleaseScriptCaches (2ms)
			RebuildScriptCaches (48ms)
			SetupLoadedEditorAssemblies (401ms)
				LogAssemblyErrors (0ms)
				InitializePlatformSupportModulesInManaged (22ms)
				SetLoadedEditorAssemblies (1ms)
				RefreshPlugins (1ms)
				BeforeProcessingInitializeOnLoad (90ms)
				ProcessInitializeOnLoadAttributes (235ms)
				ProcessInitializeOnLoadMethodAttributes (37ms)
				AfterProcessingInitializeOnLoad (15ms)
				EditorAssembliesLoaded (0ms)
			ExecutionOrderSort2 (0ms)
			AwakeInstancesAfterBackupRestoration (8ms)
Platform modules already initialized, skipping
Refreshing native plugins compatible for Editor in 2.63 ms, found 3 plugins.
Preloading 0 native plugins for Editor in 0.00 ms.
Unloading 3375 Unused Serialized files (Serialized files now loaded: 0)
Unloading 20 unused Assets / (78.1 KB). Loaded Objects now: 3861.
Memory consumption went from 116.2 MB to 116.1 MB.
Total: 3.283200 ms (FindLiveObjects: 0.314100 ms CreateObjectMapping: 0.078200 ms MarkObjects: 2.793400 ms  DeleteObjects: 0.096300 ms)

AssetImportParameters requested are different than current active one (requested -> active):
  custom:video-decoder-ogg-theora: a1e56fd34408186e4bbccfd4996cb3dc -> 
  custom:container-muxer-webm: aa71ff27fc2769a1b78a27578f13a17b -> 
  custom:container-demuxer-webm: 4f35f7cbe854078d1ac9338744f61a02 -> 
  custom:video-encoder-webm-vp8: eb34c28f22e8b96e1ab97ce403110664 -> 
  custom:audio-encoder-webm-vorbis: bf7c407c2cedff20999df2af8eb42d56 -> 
  custom:framework-win-MediaFoundation: 216162199b28c13a410421893ffa2e32 -> 
  custom:container-demuxer-ogg: 62fdf1f143b41e24485cea50d1cbac27 -> 
  custom:video-decoder-webm-vp8: 9c59270c3fd7afecdb556c50c9e8de78 -> 
  custom:audio-decoder-ogg-vorbis: bf7c407c2cedff20999df2af8eb42d56 -> 
========================================================================
Received Import Request.
  Time since last request: 22.516326 seconds.
  path: Assets/New Folder/IVehicleFactory.cs
  artifactKey: Guid(565cb45b1e9756e4381d584444984126) Importer(815301076,1909f56bfc062723c751e8b465ee728b)
Start importing Assets/New Folder/IVehicleFactory.cs using Guid(565cb45b1e9756e4381d584444984126) Importer(815301076,1909f56bfc062723c751e8b465ee728b)  -> (artifact id: 'e9c3e09038506230905bb2b4f1f70007') in 0.012911 seconds 
========================================================================
Received Prepare
Registering precompiled user dll's ...
Registered in 0.010449 seconds.
Begin MonoManager ReloadAssembly
Symbol file LoadedFromMemory doesn't match image C:\Users\njere\Documents\GitHub\SpawnSystem\Spawn System\Library\PackageCache\com.unity.visualscripting@1.7.8\Editor\VisualScripting.Core\Dependencies\YamlDotNet\Unity.VisualScripting.YamlDotNet.dll
Symbol file LoadedFromMemory doesn't match image C:\Users\njere\Documents\GitHub\SpawnSystem\Spawn System\Library\PackageCache\com.unity.visualscripting@1.7.8\Editor\VisualScripting.Core\Dependencies\DotNetZip\Unity.VisualScripting.IonicZip.dll
Native extension for WindowsStandalone target not found
Native extension for WebGL target not found
Refreshing native plugins compatible for Editor in 0.64 ms, found 3 plugins.
Preloading 0 native plugins for Editor in 0.00 ms.
Mono: successfully reloaded assembly
- Completed reload, in  1.187 seconds
Domain Reload Profiling:
	ReloadAssembly (1188ms)
		BeginReloadAssembly (167ms)
			ExecutionOrderSort (0ms)
			DisableScriptedObjects (6ms)
			BackupInstance (0ms)
			ReleaseScriptingObjects (0ms)
			CreateAndSetChildDomain (38ms)
		EndReloadAssembly (879ms)
			LoadAssemblies (118ms)
			RebuildTransferFunctionScriptingTraits (0ms)
			SetupTypeCache (289ms)
			ReleaseScriptCaches (1ms)
			RebuildScriptCaches (44ms)
			SetupLoadedEditorAssemblies (388ms)
				LogAssemblyErrors (0ms)
				InitializePlatformSupportModulesInManaged (18ms)
				SetLoadedEditorAssemblies (1ms)
				RefreshPlugins (1ms)
				BeforeProcessingInitializeOnLoad (93ms)
				ProcessInitializeOnLoadAttributes (230ms)
				ProcessInitializeOnLoadMethodAttributes (31ms)
				AfterProcessingInitializeOnLoad (14ms)
				EditorAssembliesLoaded (0ms)
			ExecutionOrderSort2 (0ms)
			AwakeInstancesAfterBackupRestoration (7ms)
Platform modules already initialized, skipping
Refreshing native plugins compatible for Editor in 2.61 ms, found 3 plugins.
Preloading 0 native plugins for Editor in 0.00 ms.
Unloading 3375 Unused Serialized files (Serialized files now loaded: 0)
Unloading 20 unused Assets / (78.3 KB). Loaded Objects now: 3864.
Memory consumption went from 116.2 MB to 116.1 MB.
Total: 3.499500 ms (FindLiveObjects: 0.300700 ms CreateObjectMapping: 0.082500 ms MarkObjects: 3.000600 ms  DeleteObjects: 0.114000 ms)

AssetImportParameters requested are different than current active one (requested -> active):
  custom:video-decoder-ogg-theora: a1e56fd34408186e4bbccfd4996cb3dc -> 
  custom:container-muxer-webm: aa71ff27fc2769a1b78a27578f13a17b -> 
  custom:container-demuxer-webm: 4f35f7cbe854078d1ac9338744f61a02 -> 
  custom:video-encoder-webm-vp8: eb34c28f22e8b96e1ab97ce403110664 -> 
  custom:audio-encoder-webm-vorbis: bf7c407c2cedff20999df2af8eb42d56 -> 
  custom:framework-win-MediaFoundation: 216162199b28c13a410421893ffa2e32 -> 
  custom:container-demuxer-ogg: 62fdf1f143b41e24485cea50d1cbac27 -> 
  custom:video-decoder-webm-vp8: 9c59270c3fd7afecdb556c50c9e8de78 -> 
  custom:audio-decoder-ogg-vorbis: bf7c407c2cedff20999df2af8eb42d56 -> 
========================================================================
Received Import Request.
  Time since last request: 32.399164 seconds.
  path: Assets/New Folder/VehicleFactory.cs
  artifactKey: Guid(237642078fcfdc841b8c78434d33d499) Importer(815301076,1909f56bfc062723c751e8b465ee728b)
Start importing Assets/New Folder/VehicleFactory.cs using Guid(237642078fcfdc841b8c78434d33d499) Importer(815301076,1909f56bfc062723c751e8b465ee728b)  -> (artifact id: '3e3cd24aa92292405434fe700d15839d') in 0.008532 seconds 
========================================================================
Received Import Request.
  Time since last request: 81.491466 seconds.
  path: Assets/New Folder/CycleFactory.cs
  artifactKey: Guid(4ddd8cc71ed1c5c49a44004d589462ce) Importer(815301076,1909f56bfc062723c751e8b465ee728b)
Start importing Assets/New Folder/CycleFactory.cs using Guid(4ddd8cc71ed1c5c49a44004d589462ce) Importer(815301076,1909f56bfc062723c751e8b465ee728b)  -> (artifact id: '6878f414d5aa254e4957bcbb5c2166a4') in 0.008465 seconds 
========================================================================
Received Import Request.
  Time since last request: 370.825699 seconds.
  path: Assets/New Folder/CycleFactory.cs
  artifactKey: Guid(4ddd8cc71ed1c5c49a44004d589462ce) Importer(815301076,1909f56bfc062723c751e8b465ee728b)
Start importing Assets/New Folder/CycleFactory.cs using Guid(4ddd8cc71ed1c5c49a44004d589462ce) Importer(815301076,1909f56bfc062723c751e8b465ee728b)  -> (artifact id: 'bb495258bad96ee5d324c13da5cb5bfe') in 0.004187 seconds 
========================================================================
Received Import Request.
  Time since last request: 112.931448 seconds.
  path: Assets/New Folder/MotorVehicleFactory.cs
  artifactKey: Guid(6371bae714ca25b45af7fc6fae722878) Importer(815301076,1909f56bfc062723c751e8b465ee728b)
Start importing Assets/New Folder/MotorVehicleFactory.cs using Guid(6371bae714ca25b45af7fc6fae722878) Importer(815301076,1909f56bfc062723c751e8b465ee728b)  -> (artifact id: 'aee7deb1721a310906535cda6a701a17') in 0.003356 seconds 
========================================================================
Received Import Request.
  Time since last request: 367.724569 seconds.
  path: Assets/New Folder/Vehicles
  artifactKey: Guid(2de4bb8d79d5981468cea98c7c23c39d) Importer(815301076,1909f56bfc062723c751e8b465ee728b)
Start importing Assets/New Folder/Vehicles using Guid(2de4bb8d79d5981468cea98c7c23c39d) Importer(815301076,1909f56bfc062723c751e8b465ee728b)  -> (artifact id: 'b043f7877f0057d8095182da4fa643be') in 0.008240 seconds 
========================================================================
Received Import Request.
  Time since last request: 18.614840 seconds.
  path: Assets/New Folder/Vehicles/Bicylce.cs
  artifactKey: Guid(c71b32e0374acf74489c4498b7c658a8) Importer(815301076,1909f56bfc062723c751e8b465ee728b)
Start importing Assets/New Folder/Vehicles/Bicylce.cs using Guid(c71b32e0374acf74489c4498b7c658a8) Importer(815301076,1909f56bfc062723c751e8b465ee728b)  -> (artifact id: '0ae70c462379d0e96720f63f25823aaa') in 0.007542 seconds 
========================================================================
Received Import Request.
  Time since last request: 346.800167 seconds.
  path: Assets/New Folder/Vehicles/Cycles.cs
  artifactKey: Guid(d8634360d03250041a2ee12235ad4930) Importer(815301076,1909f56bfc062723c751e8b465ee728b)
Start importing Assets/New Folder/Vehicles/Cycles.cs using Guid(d8634360d03250041a2ee12235ad4930) Importer(815301076,1909f56bfc062723c751e8b465ee728b)  -> (artifact id: '3a3c676fc417184febaf3f07943bbef6') in 0.008925 seconds 
========================================================================
Received Import Request.
  Time since last request: 515.850356 seconds.
  path: Assets/New Folder/Vehicles/Cycles.cs
  artifactKey: Guid(d8634360d03250041a2ee12235ad4930) Importer(815301076,1909f56bfc062723c751e8b465ee728b)
Start importing Assets/New Folder/Vehicles/Cycles.cs using Guid(d8634360d03250041a2ee12235ad4930) Importer(815301076,1909f56bfc062723c751e8b465ee728b)  -> (artifact id: '1101f51a6b04ed448ab255fb9cc65278') in 0.002890 seconds 
========================================================================
Received Import Request.
  Time since last request: 20.991081 seconds.
  path: Assets/New Folder/VehicleRequirements.cs
  artifactKey: Guid(2c69da4a333b3214ebc30cb3776b14cb) Importer(815301076,1909f56bfc062723c751e8b465ee728b)
Start importing Assets/New Folder/VehicleRequirements.cs using Guid(2c69da4a333b3214ebc30cb3776b14cb) Importer(815301076,1909f56bfc062723c751e8b465ee728b)  -> (artifact id: '226f235479db4705f9b7fa3bed6b4cb1') in 0.010023 seconds 
========================================================================
Received Import Request.
  Time since last request: 44.233521 seconds.
  path: Assets/New Folder/VehicleRequirements.cs
  artifactKey: Guid(2c69da4a333b3214ebc30cb3776b14cb) Importer(815301076,1909f56bfc062723c751e8b465ee728b)
Start importing Assets/New Folder/VehicleRequirements.cs using Guid(2c69da4a333b3214ebc30cb3776b14cb) Importer(815301076,1909f56bfc062723c751e8b465ee728b)  -> (artifact id: 'cf9fc64f343a8b85df41efd04d0c0192') in 0.003396 seconds 
========================================================================
Received Import Request.
  Time since last request: 6.683503 seconds.
  path: Assets/New Folder/VehicleRequirements.cs
  artifactKey: Guid(2c69da4a333b3214ebc30cb3776b14cb) Importer(815301076,1909f56bfc062723c751e8b465ee728b)
Start importing Assets/New Folder/VehicleRequirements.cs using Guid(2c69da4a333b3214ebc30cb3776b14cb) Importer(815301076,1909f56bfc062723c751e8b465ee728b)  -> (artifact id: 'b5297371269198d038f8be8dd5ca1e88') in 0.002901 seconds 
========================================================================
Received Import Request.
  Time since last request: 22.113223 seconds.
  path: Assets/New Folder/VehicleRequirements.cs
  artifactKey: Guid(2c69da4a333b3214ebc30cb3776b14cb) Importer(815301076,1909f56bfc062723c751e8b465ee728b)
Start importing Assets/New Folder/VehicleRequirements.cs using Guid(2c69da4a333b3214ebc30cb3776b14cb) Importer(815301076,1909f56bfc062723c751e8b465ee728b)  -> (artifact id: 'c28b44c85185f9ba539db316f9b7dc16') in 0.002628 seconds 
========================================================================
Received Import Request.
  Time since last request: 103.447532 seconds.
  path: Assets/New Folder/MotorVehicles.cs
  artifactKey: Guid(3975594deb88b5243a3cdb6cc34e3483) Importer(815301076,1909f56bfc062723c751e8b465ee728b)
Start importing Assets/New Folder/MotorVehicles.cs using Guid(3975594deb88b5243a3cdb6cc34e3483) Importer(815301076,1909f56bfc062723c751e8b465ee728b)  -> (artifact id: 'd18504f6088151733771ae4a8f21be23') in 0.007402 seconds 
========================================================================
Received Import Request.
  Time since last request: 41.799353 seconds.
  path: Assets/New Folder/MotorVehicles.cs
  artifactKey: Guid(3975594deb88b5243a3cdb6cc34e3483) Importer(815301076,1909f56bfc062723c751e8b465ee728b)
Start importing Assets/New Folder/MotorVehicles.cs using Guid(3975594deb88b5243a3cdb6cc34e3483) Importer(815301076,1909f56bfc062723c751e8b465ee728b)  -> (artifact id: 'c9be123045086b9ae932de58f1852f70') in 0.002955 seconds 
========================================================================
Received Import Request.
  Time since last request: 16.184417 seconds.
  path: Assets/New Folder/MotorVehicles.cs
  artifactKey: Guid(3975594deb88b5243a3cdb6cc34e3483) Importer(815301076,1909f56bfc062723c751e8b465ee728b)
Start importing Assets/New Folder/MotorVehicles.cs using Guid(3975594deb88b5243a3cdb6cc34e3483) Importer(815301076,1909f56bfc062723c751e8b465ee728b)  -> (artifact id: 'a008c547da2033e109bae6f2856a40dd') in 0.002985 seconds 
========================================================================
Received Import Request.
  Time since last request: 57.396814 seconds.
  path: Assets/New Folder/AbstractVehicleFactory.cs
  artifactKey: Guid(9d9b1eb41a511f9478f5ff8be59540a7) Importer(815301076,1909f56bfc062723c751e8b465ee728b)
Start importing Assets/New Folder/AbstractVehicleFactory.cs using Guid(9d9b1eb41a511f9478f5ff8be59540a7) Importer(815301076,1909f56bfc062723c751e8b465ee728b)  -> (artifact id: '4664e8a00167247cb8463cc410204628') in 0.007096 seconds 
========================================================================
Received Prepare
Registering precompiled user dll's ...
Registered in 0.009696 seconds.
Begin MonoManager ReloadAssembly
Symbol file LoadedFromMemory doesn't match image C:\Users\njere\Documents\GitHub\SpawnSystem\Spawn System\Library\PackageCache\com.unity.visualscripting@1.7.8\Editor\VisualScripting.Core\Dependencies\YamlDotNet\Unity.VisualScripting.YamlDotNet.dll
Symbol file LoadedFromMemory doesn't match image C:\Users\njere\Documents\GitHub\SpawnSystem\Spawn System\Library\PackageCache\com.unity.visualscripting@1.7.8\Editor\VisualScripting.Core\Dependencies\DotNetZip\Unity.VisualScripting.IonicZip.dll
Native extension for WindowsStandalone target not found
Native extension for WebGL target not found
Refreshing native plugins compatible for Editor in 0.69 ms, found 3 plugins.
Preloading 0 native plugins for Editor in 0.00 ms.
Mono: successfully reloaded assembly
- Completed reload, in  1.236 seconds
Domain Reload Profiling:
	ReloadAssembly (1236ms)
		BeginReloadAssembly (201ms)
			ExecutionOrderSort (0ms)
			DisableScriptedObjects (8ms)
			BackupInstance (0ms)
			ReleaseScriptingObjects (0ms)
			CreateAndSetChildDomain (56ms)
		EndReloadAssembly (899ms)
			LoadAssemblies (130ms)
			RebuildTransferFunctionScriptingTraits (0ms)
			SetupTypeCache (306ms)
			ReleaseScriptCaches (1ms)
			RebuildScriptCaches (43ms)
			SetupLoadedEditorAssemblies (390ms)
				LogAssemblyErrors (0ms)
				InitializePlatformSupportModulesInManaged (19ms)
				SetLoadedEditorAssemblies (1ms)
				RefreshPlugins (1ms)
				BeforeProcessingInitializeOnLoad (92ms)
				ProcessInitializeOnLoadAttributes (228ms)
				ProcessInitializeOnLoadMethodAttributes (32ms)
				AfterProcessingInitializeOnLoad (16ms)
				EditorAssembliesLoaded (0ms)
			ExecutionOrderSort2 (0ms)
			AwakeInstancesAfterBackupRestoration (7ms)
Platform modules already initialized, skipping
Refreshing native plugins compatible for Editor in 2.93 ms, found 3 plugins.
Preloading 0 native plugins for Editor in 0.00 ms.
Unloading 3381 Unused Serialized files (Serialized files now loaded: 0)
Unloading 20 unused Assets / (78.2 KB). Loaded Objects now: 3873.
Memory consumption went from 116.3 MB to 116.2 MB.
Total: 3.770500 ms (FindLiveObjects: 0.337000 ms CreateObjectMapping: 0.091900 ms MarkObjects: 3.209200 ms  DeleteObjects: 0.131000 ms)

AssetImportParameters requested are different than current active one (requested -> active):
  custom:video-decoder-ogg-theora: a1e56fd34408186e4bbccfd4996cb3dc -> 
  custom:container-muxer-webm: aa71ff27fc2769a1b78a27578f13a17b -> 
  custom:container-demuxer-webm: 4f35f7cbe854078d1ac9338744f61a02 -> 
  custom:video-encoder-webm-vp8: eb34c28f22e8b96e1ab97ce403110664 -> 
  custom:audio-encoder-webm-vorbis: bf7c407c2cedff20999df2af8eb42d56 -> 
  custom:framework-win-MediaFoundation: 216162199b28c13a410421893ffa2e32 -> 
  custom:container-demuxer-ogg: 62fdf1f143b41e24485cea50d1cbac27 -> 
  custom:video-decoder-webm-vp8: 9c59270c3fd7afecdb556c50c9e8de78 -> 
  custom:audio-decoder-ogg-vorbis: bf7c407c2cedff20999df2af8eb42d56 -> 
